# JRE version: OpenJDK Runtime Environment Temurin-17.0.15+6 (17.0.15+6) (build 17.0.15+6)
# Java VM: OpenJDK 64-Bit Server VM Temurin-17.0.15+6 (17.0.15+6, mixed mode, sharing, tiered, compressed oops, compressed class ptrs, g1 gc, windows-amd64)
GC Precious Log:
 CPUs: 12 total, 12 available
 Memory: 16205M
 Large Page Support: Disabled
 NUMA Support: Disabled
 Compressed Oops: Enabled (Zero based)
 Heap Region Size: 2M
 Heap Min Capacity: 8M
 Heap Initial Capacity: 254M
 Heap Max Capacity: 4052M
 Pre-touch: Disabled
 Parallel Workers: 10
 Concurrent Workers: 3
 Concurrent Refinement Workers: 10
 Periodic GC: Disabled
Heap:
 garbage-first heap   total 75776K, used 52675K [0x0000000702c00000, 0x0000000800000000)
  region size 2048K, 15 young (30720K), 3 survivors (6144K)
 Metaspace       used 72983K, committed 73536K, reserved 1114112K
  class space    used 9948K, committed 10240K, reserved 1048576K
GC Heap History (20 events):
Event: 2.414 GC heap before
{Heap before GC invocations=5 (full 0):
 garbage-first heap   total 55296K, used 14232K [0x0000000702c00000, 0x0000000800000000)
  region size 2048K, 3 young (6144K), 2 survivors (4096K)
 Metaspace       used 25089K, committed 25344K, reserved 1114112K
  class space    used 3186K, committed 3328K, reserved 1048576K
}
Event: 2.421 GC heap after
{Heap after GC invocations=6 (full 0):
 garbage-first heap   total 55296K, used 14739K [0x0000000702c00000, 0x0000000800000000)
  region size 2048K, 1 young (2048K), 1 survivors (2048K)
 Metaspace       used 25089K, committed 25344K, reserved 1114112K
  class space    used 3186K, committed 3328K, reserved 1048576K
}
Event: 2.958 GC heap before
{Heap before GC invocations=6 (full 0):
 garbage-first heap   total 55296K, used 35219K [0x0000000702c00000, 0x0000000800000000)
  region size 2048K, 11 young (22528K), 1 survivors (2048K)
 Metaspace       used 28277K, committed 28608K, reserved 1114112K
  class space    used 3630K, committed 3776K, reserved 1048576K
}
Event: 2.966 GC heap after
{Heap after GC invocations=7 (full 0):
 garbage-first heap   total 55296K, used 15975K [0x0000000702c00000, 0x0000000800000000)
  region size 2048K, 1 young (2048K), 1 survivors (2048K)
 Metaspace       used 28277K, committed 28608K, reserved 1114112K
  class space    used 3630K, committed 3776K, reserved 1048576K
}
Event: 3.556 GC heap before
{Heap before GC invocations=7 (full 0):
 garbage-first heap   total 55296K, used 36455K [0x0000000702c00000, 0x0000000800000000)
  region size 2048K, 11 young (22528K), 1 survivors (2048K)
 Metaspace       used 32183K, committed 32576K, reserved 1114112K
  class space    used 4163K, committed 4352K, reserved 1048576K
}
Event: 3.563 GC heap after
{Heap after GC invocations=8 (full 0):
 garbage-first heap   total 157696K, used 18060K [0x0000000702c00000, 0x0000000800000000)
  region size 2048K, 2 young (4096K), 2 survivors (4096K)
 Metaspace       used 32183K, committed 32576K, reserved 1114112K
  class space    used 4163K, committed 4352K, reserved 1048576K
}
Event: 4.007 GC heap before
{Heap before GC invocations=8 (full 0):
 garbage-first heap   total 157696K, used 38540K [0x0000000702c00000, 0x0000000800000000)
  region size 2048K, 13 young (26624K), 2 survivors (4096K)
 Metaspace       used 35519K, committed 35968K, reserved 1114112K
  class space    used 4641K, committed 4864K, reserved 1048576K
}
Event: 4.013 GC heap after
{Heap after GC invocations=9 (full 0):
 garbage-first heap   total 157696K, used 19391K [0x0000000702c00000, 0x0000000800000000)
  region size 2048K, 3 young (6144K), 3 survivors (6144K)
 Metaspace       used 35519K, committed 35968K, reserved 1114112K
  class space    used 4641K, committed 4864K, reserved 1048576K
}
Event: 5.040 GC heap before
{Heap before GC invocations=10 (full 0):
 garbage-first heap   total 75776K, used 58303K [0x0000000702c00000, 0x0000000800000000)
  region size 2048K, 22 young (45056K), 3 survivors (6144K)
 Metaspace       used 48300K, committed 48704K, reserved 1114112K
  class space    used 6427K, committed 6592K, reserved 1048576K
}
Event: 5.046 GC heap after
{Heap after GC invocations=11 (full 0):
 garbage-first heap   total 75776K, used 22492K [0x0000000702c00000, 0x0000000800000000)
  region size 2048K, 3 young (6144K), 3 survivors (6144K)
 Metaspace       used 48300K, committed 48704K, reserved 1114112K
  class space    used 6427K, committed 6592K, reserved 1048576K
}
Event: 5.081 GC heap before
{Heap before GC invocations=11 (full 0):
 garbage-first heap   total 75776K, used 22492K [0x0000000702c00000, 0x0000000800000000)
  region size 2048K, 4 young (8192K), 3 survivors (6144K)
 Metaspace       used 48631K, committed 49088K, reserved 1114112K
  class space    used 6469K, committed 6656K, reserved 1048576K
}
Event: 5.084 GC heap after
{Heap after GC invocations=12 (full 0):
 garbage-first heap   total 75776K, used 22591K [0x0000000702c00000, 0x0000000800000000)
  region size 2048K, 1 young (2048K), 1 survivors (2048K)
 Metaspace       used 48631K, committed 49088K, reserved 1114112K
  class space    used 6469K, committed 6656K, reserved 1048576K
}
Event: 5.745 GC heap before
{Heap before GC invocations=12 (full 0):
 garbage-first heap   total 75776K, used 53311K [0x0000000702c00000, 0x0000000800000000)
  region size 2048K, 17 young (34816K), 1 survivors (2048K)
 Metaspace       used 56503K, committed 57024K, reserved 1114112K
  class space    used 7540K, committed 7808K, reserved 1048576K
}
Event: 5.747 GC heap after
{Heap after GC invocations=13 (full 0):
 garbage-first heap   total 75776K, used 23811K [0x0000000702c00000, 0x0000000800000000)
  region size 2048K, 1 young (2048K), 1 survivors (2048K)
 Metaspace       used 56503K, committed 57024K, reserved 1114112K
  class space    used 7540K, committed 7808K, reserved 1048576K
}
Event: 6.125 GC heap before
{Heap before GC invocations=13 (full 0):
 garbage-first heap   total 75776K, used 44291K [0x0000000702c00000, 0x0000000800000000)
  region size 2048K, 12 young (24576K), 1 survivors (2048K)
 Metaspace       used 59806K, committed 60288K, reserved 1114112K
  class space    used 8107K, committed 8384K, reserved 1048576K
}
Event: 6.127 GC heap after
{Heap after GC invocations=14 (full 0):
 garbage-first heap   total 75776K, used 24385K [0x0000000702c00000, 0x0000000800000000)
  region size 2048K, 2 young (4096K), 2 survivors (4096K)
 Metaspace       used 59806K, committed 60288K, reserved 1114112K
  class space    used 8107K, committed 8384K, reserved 1048576K
}
Event: 6.845 GC heap before
{Heap before GC invocations=15 (full 0):
 garbage-first heap   total 75776K, used 55105K [0x0000000702c00000, 0x0000000800000000)
  region size 2048K, 18 young (36864K), 2 survivors (4096K)
 Metaspace       used 66529K, committed 67008K, reserved 1114112K
  class space    used 9056K, committed 9280K, reserved 1048576K
}
Event: 6.850 GC heap after
{Heap after GC invocations=16 (full 0):
 garbage-first heap   total 75776K, used 26944K [0x0000000702c00000, 0x0000000800000000)
  region size 2048K, 3 young (6144K), 3 survivors (6144K)
 Metaspace       used 66529K, committed 67008K, reserved 1114112K
  class space    used 9056K, committed 9280K, reserved 1048576K
}
Event: 7.392 GC heap before
{Heap before GC invocations=16 (full 0):
 garbage-first heap   total 75776K, used 57664K [0x0000000702c00000, 0x0000000800000000)
  region size 2048K, 18 young (36864K), 3 survivors (6144K)
 Metaspace       used 69601K, committed 70144K, reserved 1114112K
  class space    used 9479K, committed 9728K, reserved 1048576K
}
Event: 7.398 GC heap after
{Heap after GC invocations=17 (full 0):
 garbage-first heap   total 75776K, used 30147K [0x0000000702c00000, 0x0000000800000000)
  region size 2048K, 3 young (6144K), 3 survivors (6144K)
 Metaspace       used 69601K, committed 70144K, reserved 1114112K
  class space    used 9479K, committed 9728K, reserved 1048576K
}

